2025-11-06 11:11:26,360 INFO: Data loaded successfully. 554607 rows written.
2025-11-06 11:14:17,375 INFO: Data loaded successfully. 554607 rows written.
2025-11-06 11:17:52,034 INFO: Data loaded successfully. 554607 rows written.
2025-11-06 11:20:38,524 INFO: Data loaded successfully. 554607 rows written.
2025-11-06 11:22:47,410 INFO: Data loaded successfully. 554607 rows written.
2025-11-06 11:24:29,170 ERROR: An error occurred while loading data: database is locked
2025-11-06 11:24:43,323 INFO: Data loaded successfully. 554607 rows written.
2025-11-06 11:29:24,782 INFO: Data loaded successfully. 482236 rows written.
2025-11-06 11:31:19,497 INFO: Data loaded successfully. 482236 rows written.
2025-11-06 11:31:38,301 INFO: Data loaded successfully. 560 rows written.
2025-11-06 11:34:30,150 INFO: Data loaded successfully. 2357696 rows written.
2025-11-06 12:16:30,253 INFO: Data loaded successfully. 560 rows written.
2025-11-06 12:16:49,554 INFO: Data loaded successfully. 560 rows written.
2025-11-06 12:16:50,105 INFO: Data loaded successfully. 482236 rows written.
2025-11-06 12:16:50,717 INFO: Data loaded successfully. 554607 rows written.
2025-11-06 12:16:52,339 INFO: Data loaded successfully. 2357696 rows written.
2025-11-06 12:56:33,284 INFO: Data loaded successfully. 550598 rows written.
2025-11-06 13:08:46,149 INFO: Data loaded successfully. 560 rows written.
2025-11-06 13:08:46,690 INFO: Data loaded successfully. 482236 rows written.
2025-11-06 13:08:47,295 INFO: Data loaded successfully. 554607 rows written.
2025-11-06 13:08:48,929 INFO: Data loaded successfully. 2357696 rows written.
2025-11-06 13:10:44,713 INFO: Data loaded successfully. 560 rows written.
2025-11-06 13:10:45,255 INFO: Data loaded successfully. 482236 rows written.
2025-11-06 13:10:45,855 INFO: Data loaded successfully. 554607 rows written.
2025-11-06 13:10:47,501 INFO: Data loaded successfully. 2357696 rows written.
2025-11-06 13:12:30,680 INFO: Data loaded successfully. 550598 rows written.
2025-11-06 13:15:27,594 INFO: Data loaded successfully. 560 rows written.
2025-11-06 13:15:28,139 INFO: Data loaded successfully. 482236 rows written.
2025-11-06 13:15:28,744 INFO: Data loaded successfully. 554607 rows written.
2025-11-06 13:15:30,364 INFO: Data loaded successfully. 2357696 rows written.
2025-11-06 13:15:31,439 INFO: Data loaded successfully. 550598 rows written.
2025-11-06 13:41:59,841 INFO: Data loaded successfully. 560 rows written.
2025-11-06 13:42:00,384 INFO: Data loaded successfully. 482236 rows written.
2025-11-06 13:42:01,399 INFO: Data loaded successfully. 550598 rows written.
2025-11-06 13:42:03,045 INFO: Data loaded successfully. 2357696 rows written.
2025-11-06 13:42:48,306 INFO: Data loaded successfully. 560 rows written.
2025-11-06 13:42:48,847 INFO: Data loaded successfully. 482236 rows written.
2025-11-06 13:42:49,859 INFO: Data loaded successfully. 550598 rows written.
2025-11-06 13:42:51,494 INFO: Data loaded successfully. 2357696 rows written.
2025-11-06 13:54:31,241 ERROR: An error occurred while loading data: Execution failed on sql 'DROP TABLE "tax_codes"': database is locked
2025-11-06 13:54:36,917 ERROR: An error occurred while loading data: Execution failed on sql 'DROP TABLE "home_transactions"': database is locked
2025-11-06 13:54:42,395 ERROR: An error occurred while loading data: Execution failed on sql 'DROP TABLE "property_assessments"': database is locked
2025-11-06 13:55:15,867 INFO: Data loaded successfully. 560 rows written.
2025-11-06 13:55:16,860 INFO: Data loaded successfully. 550598 rows written.
2025-11-06 13:55:18,490 INFO: Data loaded successfully. 2357696 rows written.
2025-11-06 20:16:08,580 INFO: Data loaded successfully. 560 rows written.
2025-11-06 20:16:09,636 INFO: Data loaded successfully. 550598 rows written.
2025-11-06 20:16:11,292 INFO: Data loaded successfully. 2357696 rows written.
2025-11-06 20:16:36,395 INFO: Data loaded successfully. 560 rows written.
2025-11-06 20:16:37,467 INFO: Data loaded successfully. 550598 rows written.
2025-11-06 20:16:39,108 INFO: Data loaded successfully. 2357696 rows written.
2025-11-06 20:17:59,412 INFO: Data loaded successfully. 560 rows written.
2025-11-06 20:18:00,458 INFO: Data loaded successfully. 550598 rows written.
2025-11-06 20:18:02,091 INFO: Data loaded successfully. 2357696 rows written.
2025-11-06 20:19:12,051 INFO: Data loaded successfully. 560 rows written.
2025-11-06 20:19:13,114 INFO: Data loaded successfully. 550598 rows written.
2025-11-06 20:19:14,761 INFO: Data loaded successfully. 2357696 rows written.
2025-11-06 20:22:53,602 INFO: Data loaded successfully. 560 rows written.
2025-11-06 20:22:54,672 INFO: Data loaded successfully. 550598 rows written.
2025-11-06 20:22:56,319 INFO: Data loaded successfully. 2357696 rows written.
2025-11-06 20:22:56,817 INFO: Data loaded successfully. 2612 rows written.
